0 info it worked if it ends with ok
1 verbose cli [ 'node', '/usr/local/bin/npm', 'publish' ]
2 info using npm@3.3.10
3 info using node@v0.12.7
4 verbose node symlink /usr/local/bin/node
5 verbose publish [ '.' ]
6 silly cache add args [ '.', null ]
7 verbose cache add spec .
8 silly cache add parsed spec { raw: '.',
8 silly cache add   scope: null,
8 silly cache add   name: null,
8 silly cache add   rawSpec: '.',
8 silly cache add   spec: '/Users/wooleners/Dropbox/Pros/saller-init',
8 silly cache add   type: 'directory' }
9 verbose addLocalDirectory /Users/wooleners/.npm/saller-init/0.1.3/package.tgz not in flight; packing
10 info lifecycle saller-init@0.1.3~prepublish: saller-init@0.1.3
11 silly lifecycle saller-init@0.1.3~prepublish: no script for prepublish, continuing
12 verbose tar pack [ '/Users/wooleners/.npm/saller-init/0.1.3/package.tgz',
12 verbose tar pack   '/Users/wooleners/Dropbox/Pros/saller-init' ]
13 verbose tarball /Users/wooleners/.npm/saller-init/0.1.3/package.tgz
14 verbose folder /Users/wooleners/Dropbox/Pros/saller-init
15 verbose addLocalTarball adding from inside cache /Users/wooleners/.npm/saller-init/0.1.3/package.tgz
16 silly cache afterAdd saller-init@0.1.3
17 verbose afterAdd /Users/wooleners/.npm/saller-init/0.1.3/package/package.json not in flight; writing
18 verbose afterAdd /Users/wooleners/.npm/saller-init/0.1.3/package/package.json written
19 silly publish { name: 'saller-init',
19 silly publish   version: '0.1.3',
19 silly publish   description: 'saller boilerplate generator.',
19 silly publish   repository:
19 silly publish    { type: 'git',
19 silly publish      url: 'git+https://github.com/wooleners/saller-init.git' },
19 silly publish   homepage: 'https://github.com/wooleners/saller-init',
19 silly publish   mai: 'wooleners@gmail.com',
19 silly publish   license: 'MIT',
19 silly publish   bin: { 'saller-init': './bin/saller-init' },
19 silly publish   scripts: { start: 'node server.js' },
19 silly publish   dependencies: { through2: '~2.0.0', 'vinyl-fs': '~2.2.1', which: '~1.2.0' },
19 silly publish   bugs: { url: 'https://github.com/wooleners/saller-init/issues' },
19 silly publish   main: 'server.js',
19 silly publish   devDependencies: {},
19 silly publish   author: { name: 'wooleners' },
19 silly publish   readme: '# saller-init\nSaller boilerplate generator.\n\n----\n\n## Install\n\n```bash\n$ npm i saller-init -g --save\n```\n\n## Usage\n\n```bash\n$ mkdir foo && cd foo\n$ saller-init\n```\n',
19 silly publish   readmeFilename: 'README.md',
19 silly publish   gitHead: '1d0eb4ce32e03aa630e54f0f8be58f9f61ed348d',
19 silly publish   _id: 'saller-init@0.1.3',
19 silly publish   _shasum: 'd628e89c6e9d4b0b3c97e2b3dcffc5afd574a9b3',
19 silly publish   _from: '.' }
20 verbose getPublishConfig undefined
21 silly mapToRegistry name saller-init
22 silly mapToRegistry using default registry
23 silly mapToRegistry registry http://registry.npmjs.org/
24 silly mapToRegistry uri http://registry.npmjs.org/saller-init
25 verbose publish registryBase http://registry.npmjs.org/
26 silly publish uploading /Users/wooleners/.npm/saller-init/0.1.3/package.tgz
27 verbose request uri http://registry.npmjs.org/saller-init
28 verbose request sending authorization for write operation
29 info attempt registry request try #1 at 13:23:15
30 verbose request using bearer token for auth
31 verbose request id 3a6b1c045f2f7c8d
32 http request PUT http://registry.npmjs.org/saller-init
33 http 403 http://registry.npmjs.org/saller-init
34 verbose headers { 'content-type': 'application/json',
34 verbose headers   'cache-control': 'max-age=60',
34 verbose headers   'content-length': '95',
34 verbose headers   'accept-ranges': 'bytes',
34 verbose headers   date: 'Thu, 26 Nov 2015 05:23:09 GMT',
34 verbose headers   via: '1.1 varnish',
34 verbose headers   'x-served-by': 'cache-sjc3121-SJC',
34 verbose headers   'x-cache': 'MISS, MISS from pages.d1.googol.gl',
34 verbose headers   'x-cache-hits': '0',
34 verbose headers   'x-timer': 'S1448515388.856877,VS0,VE146',
34 verbose headers   'x-cache-lookup': 'MISS from pages.d1.googol.gl:7228',
34 verbose headers   connection: 'keep-alive' }
35 verbose request invalidating /Users/wooleners/.npm/registry.npmjs.org/saller-init on PUT
36 error publish Failed PUT 403
37 verbose stack Error: "You cannot publish over the previously published version 0.1.3." : saller-init
37 verbose stack     at makeError (/usr/local/lib/node_modules/npm/node_modules/npm-registry-client/lib/request.js:264:12)
37 verbose stack     at CachingRegistryClient.<anonymous> (/usr/local/lib/node_modules/npm/node_modules/npm-registry-client/lib/request.js:252:14)
37 verbose stack     at Request._callback (/usr/local/lib/node_modules/npm/node_modules/npm-registry-client/lib/request.js:172:14)
37 verbose stack     at Request.self.callback (/usr/local/lib/node_modules/npm/node_modules/request/request.js:198:22)
37 verbose stack     at Request.emit (events.js:110:17)
37 verbose stack     at Request.<anonymous> (/usr/local/lib/node_modules/npm/node_modules/request/request.js:1082:10)
37 verbose stack     at Request.emit (events.js:129:20)
37 verbose stack     at IncomingMessage.<anonymous> (/usr/local/lib/node_modules/npm/node_modules/request/request.js:1009:12)
37 verbose stack     at IncomingMessage.emit (events.js:129:20)
37 verbose stack     at _stream_readable.js:908:16
38 verbose statusCode 403
39 verbose pkgid saller-init
40 verbose cwd /Users/wooleners/Dropbox/Pros/saller-init
41 error Darwin 15.0.0
42 error argv "node" "/usr/local/bin/npm" "publish"
43 error node v0.12.7
44 error npm  v3.3.10
45 error code E403
46 error "You cannot publish over the previously published version 0.1.3." : saller-init
47 error If you need help, you may report this error at:
47 error     <https://github.com/npm/npm/issues>
48 verbose exit [ 1, true ]
